#
# There is insufficient memory for the Java Runtime Environment to continue.
# Native memory allocation (mmap) failed to map 12884901888 bytes for Failed to commit area from 0x0000000500000000 to 0x0000000800000000 of length 12884901888.
# Possible reasons:
#   The system is out of physical RAM or swap space
#   The process is running with CompressedOops enabled, and the Java Heap may be blocking the growth of the native heap
# Possible solutions:
#   Reduce memory load on the system
#   Increase physical memory or swap space
#   Check if swap backing store is full
#   Decrease Java heap size (-Xmx/-Xms)
#   Decrease number of Java threads
#   Decrease Java thread stack sizes (-Xss)
#   Set larger code cache with -XX:ReservedCodeCacheSize=
# This output file may be truncated or incomplete.
#
#  Out of Memory Error (t:/workspace/open/src/hotspot/os/windows/os_windows.cpp:3275), pid=16928, tid=11840
#
# JRE version:  (11.0.4+10) (build )
# Java VM: Java HotSpot(TM) 64-Bit Server VM (11.0.4+10-LTS, mixed mode, aot, sharing, tiered, compressed oops, g1 gc, windows-amd64)
# No core dump will be written. Minidumps are not enabled by default on client versions of Windows
#

---------------  S U M M A R Y ------------

Command Line: -Dfile.encoding=UTF-8 -Xms12g evolucionario.SSDPplus

Host: Intel(R) Core(TM) i7-7700HQ CPU @ 2.80GHz, 8 cores, 15G,  Windows 10 , 64 bit Build 19041 (10.0.19041.1706)
Time: Thu May 12 23:48:38 2022 SA Eastern Standard Time elapsed time: 0 seconds (0d 0h 0m 0s)

---------------  T H R E A D  ---------------

Current thread (0x0000015bc16f4800):  JavaThread "Unknown thread" [_thread_in_vm, id=11840, stack(0x00000020f9100000,0x00000020f9200000)]

Stack: [0x00000020f9100000,0x00000020f9200000]
Native frames: (J=compiled Java code, j=interpreted, Vv=VM code, C=native code)
V  [jvm.dll+0x635bda]
V  [jvm.dll+0x77360f]
V  [jvm.dll+0x774cba]
V  [jvm.dll+0x775373]
V  [jvm.dll+0x25e668]
V  [jvm.dll+0x63306a]
V  [jvm.dll+0x627ab5]
V  [jvm.dll+0x314f8c]
V  [jvm.dll+0x314e12]
V  [jvm.dll+0x31a676]
V  [jvm.dll+0x36676f]
V  [jvm.dll+0x366190]
V  [jvm.dll+0x2f1b18]
V  [jvm.dll+0x2f2c86]
V  [jvm.dll+0x74c777]
V  [jvm.dll+0x74debf]
V  [jvm.dll+0x3735a9]
V  [jvm.dll+0x732e09]
V  [jvm.dll+0x3e2c0d]
V  [jvm.dll+0x3e4ee1]
C  [java.exe+0x3607]
C  [java.exe+0x178dc]
C  [KERNEL32.DLL+0x17034]
C  [ntdll.dll+0x52651]


---------------  P R O C E S S  ---------------

Threads class SMR info:
_java_thread_list=0x0000015bc16045b0, length=0, elements={
}

Java Threads: ( => current thread )

Other Threads:
  0x0000015bc170a800 GCTaskThread "GC Thread#0" [stack: 0x00000020f9200000,0x00000020f9300000] [id=7860]
  0x0000015bc1798800 ConcurrentGCThread "G1 Main Marker" [stack: 0x00000020f9300000,0x00000020f9400000] [id=17064]
  0x0000015bc179b800 ConcurrentGCThread "G1 Conc#0" [stack: 0x00000020f9400000,0x00000020f9500000] [id=6180]

[error occurred during error reporting (printing all threads), id 0xc0000005, EXCEPTION_ACCESS_VIOLATION (0xc0000005) at pc=0x00007ff86fc303e7]

VM state:not at safepoint (not fully initialized)

VM Mutex/Monitor currently owned by a thread:  ([mutex/lock_event])
[0x0000015bc16f2b00] Heap_lock - owner thread: 0x0000015bc16f4800

Heap address: 0x0000000500000000, size: 12288 MB, Compressed Oops mode: Non-zero based: 0x0000000500000000
Narrow klass base: 0x0000000000000000, Narrow klass shift: 0

GC Heap History (0 events):
No events

Deoptimization events (0 events):
No events

Classes redefined (0 events):
No events

Internal exceptions (0 events):
No events

Events (0 events):
No events


Dynamic libraries:
0x00007ff6a21e0000 - 0x00007ff6a2227000 	C:\Program Files\Java 11\jdk-11.0.4\bin\java.exe
0x00007ff8db8f0000 - 0x00007ff8dbae5000 	C:\WINDOWS\SYSTEM32\ntdll.dll
0x00007ff8da420000 - 0x00007ff8da4dd000 	C:\WINDOWS\System32\KERNEL32.DLL
0x00007ff8d94b0000 - 0x00007ff8d977d000 	C:\WINDOWS\System32\KERNELBASE.dll
0x00007ff8da740000 - 0x00007ff8da7ee000 	C:\WINDOWS\System32\ADVAPI32.dll
0x00007ff8dac50000 - 0x00007ff8dacee000 	C:\WINDOWS\System32\msvcrt.dll
0x00007ff8dabb0000 - 0x00007ff8dac4c000 	C:\WINDOWS\System32\sechost.dll
0x00007ff8da850000 - 0x00007ff8da975000 	C:\WINDOWS\System32\RPCRT4.dll
0x00007ff8db3b0000 - 0x00007ff8db550000 	C:\WINDOWS\System32\USER32.dll
0x00007ff8d9190000 - 0x00007ff8d91b2000 	C:\WINDOWS\System32\win32u.dll
0x00007ff8dab60000 - 0x00007ff8dab8a000 	C:\WINDOWS\System32\GDI32.dll
0x00007ff8d9310000 - 0x00007ff8d941b000 	C:\WINDOWS\System32\gdi32full.dll
0x00007ff8d98a0000 - 0x00007ff8d993d000 	C:\WINDOWS\System32\msvcp_win.dll
0x00007ff8d9210000 - 0x00007ff8d9310000 	C:\WINDOWS\System32\ucrtbase.dll
0x00007ff8c0e00000 - 0x00007ff8c109a000 	C:\WINDOWS\WinSxS\amd64_microsoft.windows.common-controls_6595b64144ccf1df_6.0.19041.1110_none_60b5254171f9507e\COMCTL32.dll
0x00007ff8ceef0000 - 0x00007ff8ceefa000 	C:\WINDOWS\SYSTEM32\VERSION.dll
0x00007ff8d99f0000 - 0x00007ff8d9a20000 	C:\WINDOWS\System32\IMM32.DLL
0x00007ff8d0d00000 - 0x00007ff8d0d16000 	C:\Program Files\Java 11\jdk-11.0.4\bin\vcruntime140.dll
0x00007ff89a8d0000 - 0x00007ff89a97a000 	C:\Program Files\Java 11\jdk-11.0.4\bin\msvcp140.dll
0x00007ff86f930000 - 0x00007ff870457000 	C:\Program Files\Java 11\jdk-11.0.4\bin\server\jvm.dll
0x00007ff8d99e0000 - 0x00007ff8d99e8000 	C:\WINDOWS\System32\PSAPI.DLL
0x00007ff8b63a0000 - 0x00007ff8b63a9000 	C:\WINDOWS\SYSTEM32\WSOCK32.dll
0x00007ff8c1810000 - 0x00007ff8c1837000 	C:\WINDOWS\SYSTEM32\WINMM.dll
0x00007ff8da980000 - 0x00007ff8da9eb000 	C:\WINDOWS\System32\WS2_32.dll
0x00007ff8d7850000 - 0x00007ff8d7862000 	C:\WINDOWS\SYSTEM32\kernel.appcore.dll
0x00007ff8c3100000 - 0x00007ff8c3111000 	C:\Program Files\Java 11\jdk-11.0.4\bin\verify.dll
0x00007ff8d3e40000 - 0x00007ff8d4024000 	C:\WINDOWS\SYSTEM32\DBGHELP.DLL
0x00007ff8b78b0000 - 0x00007ff8b78dc000 	C:\WINDOWS\SYSTEM32\dbgcore.DLL
0x00007ff8d9420000 - 0x00007ff8d94a2000 	C:\WINDOWS\System32\bcryptPrimitives.dll
0x00007ff8c1ae0000 - 0x00007ff8c1b09000 	C:\Program Files\Java 11\jdk-11.0.4\bin\java.dll
0x00007ff8c1ee0000 - 0x00007ff8c1ef6000 	C:\Program Files\Java 11\jdk-11.0.4\bin\zip.dll
0x00007ff8d1100000 - 0x00007ff8d110a000 	C:\Program Files\Java 11\jdk-11.0.4\bin\jimage.dll

dbghelp: loaded successfully - version: 4.0.5 - missing functions: none
symbol engine: initialized successfully - sym options: 0x614 - pdb path: .;C:\Program Files\Java 11\jdk-11.0.4\bin;C:\WINDOWS\SYSTEM32;C:\WINDOWS\WinSxS\amd64_microsoft.windows.common-controls_6595b64144ccf1df_6.0.19041.1110_none_60b5254171f9507e;C:\Program Files\Java 11\jdk-11.0.4\bin\server

VM Arguments:
jvm_args: -Dfile.encoding=UTF-8 -Xms12g 
java_command: evolucionario.SSDPplus
java_class_path (initial): D:\giord\Giordano\CC - UNICAP\PIBIC\PROJETO SSDP+\Definitive SSDPH Folder\ssdp_plus\SSDPplus\pastas\JAR\commons-math3-3.6.1\commons-math3-3.6.1-javadoc.jar;D:\giord\Giordano\CC - UNICAP\PIBIC\PROJETO SSDP+\Definitive SSDPH Folder\ssdp_plus\SSDPplus\pastas\JAR\commons-math3-3.6.1\commons-math3-3.6.1-sources.jar;D:\giord\Giordano\CC - UNICAP\PIBIC\PROJETO SSDP+\Definitive SSDPH Folder\ssdp_plus\SSDPplus\pastas\JAR\commons-math3-3.6.1\commons-math3-3.6.1-test-sources.jar;D:\giord\Giordano\CC - UNICAP\PIBIC\PROJETO SSDP+\Definitive SSDPH Folder\ssdp_plus\SSDPplus\pastas\JAR\commons-math3-3.6.1\commons-math3-3.6.1-tests.jar;D:\giord\Giordano\CC - UNICAP\PIBIC\PROJETO SSDP+\Definitive SSDPH Folder\ssdp_plus\SSDPplus\pastas\JAR\commons-math3-3.6.1\commons-math3-3.6.1-tools.jar;D:\giord\Giordano\CC - UNICAP\PIBIC\PROJETO SSDP+\Definitive SSDPH Folder\ssdp_plus\SSDPplus\pastas\JAR\commons-math3-3.6.1\commons-math3-3.6.1.jar;D:\giord\Giordano\CC - UNICAP\PIBIC\PROJETO SSDP+\Definitive SSDPH Folder\ssdp_plus\SSDPplus\build\classes
Launcher Type: SUN_STANDARD

[Global flags]
     intx CICompilerCount                          = 4                                         {product} {ergonomic}
     uint ConcGCThreads                            = 2                                         {product} {ergonomic}
     uint G1ConcRefinementThreads                  = 8                                         {product} {ergonomic}
   size_t G1HeapRegionSize                         = 4194304                                   {product} {ergonomic}
    uintx GCDrainStackTargetSize                   = 64                                        {product} {ergonomic}
   size_t InitialHeapSize                          = 12884901888                               {product} {command line}
   size_t MarkStackSize                            = 4194304                                   {product} {ergonomic}
   size_t MaxHeapSize                              = 12884901888                               {product} {ergonomic}
   size_t MinHeapDeltaBytes                        = 4194304                                   {product} {ergonomic}
    uintx NonNMethodCodeHeapSize                   = 5835340                                {pd product} {ergonomic}
    uintx NonProfiledCodeHeapSize                  = 122911450                              {pd product} {ergonomic}
    uintx ProfiledCodeHeapSize                     = 122911450                              {pd product} {ergonomic}
    uintx ReservedCodeCacheSize                    = 251658240                              {pd product} {ergonomic}
     bool SegmentedCodeCache                       = true                                      {product} {ergonomic}
     bool UseCompressedClassPointers               = true                                 {lp64_product} {ergonomic}
     bool UseCompressedOops                        = true                                 {lp64_product} {ergonomic}
     bool UseG1GC                                  = true                                      {product} {ergonomic}
     bool UseLargePagesIndividualAllocation        = false                                  {pd product} {ergonomic}

Logging:
Log output configuration:
 #0: stdout all=warning uptime,level,tags
 #1: stderr all=off uptime,level,tags

Environment Variables:
JAVA_HOME=C:\Program Files\Java 11\jdk-11.0.4
PATH=C:\Program Files\Python\Python310\Scripts\;C:\Program Files\Python\Python310\;C:\Program Files (x86)\Intel\iCLS Client\;C:\Program Files\Intel\iCLS Client\;C:\Windows\system32;C:\Windows;C:\Windows\System32\Wbem;C:\Windows\System32\WindowsPowerShell\v1.0\;C:\Windows\System32\OpenSSH\;C:\Program Files\Java\jdk-11.0.4\bin;C:\Program Files\NVIDIA Corporation\NVIDIA NvDLISR;C:\Program Files\Intel\WiFi\bin\;C:\Program Files\Common Files\Intel\WirelessCommon\;C:\Program Files (x86)\Intel\Intel(R) Management Engine Components\DAL;C:\Program Files\Intel\Intel(R) Management Engine Components\DAL;C:\Program Files (x86)\Intel\Intel(R) Management Engine Components\IPT;C:\Program Files\Intel\Intel(R) Management Engine Components\IPT;C:\Program Files\Java 11\jdk-11.0.4\bin;C:\WINDOWS\system32;C:\WINDOWS;C:\WINDOWS\System32\Wbem;C:\WINDOWS\System32\WindowsPowerShell\v1.0\;C:\WINDOWS\System32\OpenSSH\;C:\Program Files (x86)\NVIDIA Corporation\PhysX\Common;D:\Program Files\nodejs\;D:\Program Files\Git\cmd;C:\Program Files\dotnet\;D:\Program Files\Calibre2\;C:\Program Files\Docker\Docker\resources\bin;C:\ProgramData\DockerDesktop\version-bin;C:\Program Files\MySQL\MySQL Shell 8.0\bin\;C:\Users\giord\AppData\Local\Microsoft\WindowsApps;C:\Program Files\Intel\WiFi\bin\;C:\Program Files\Common Files\Intel\WirelessCommon\;C:\Program Files\Java 11;C:\Program Files\Java 11\jdk-11.0.4\bin;D:\Program Files\Microsoft VS Code\bin;C:\Program Files\Python\Python310;C:\Program Files\Python\Python310\Scripts;D:\giord\anaconda3;D:\giord\anaconda3\Scripts;C:\Users\giord\AppData\Roaming\npm;C:\Users\giord\.dotnet\tools;D:\Program Files\Gradle\gradle-7.4.1\bin;
USERNAME=giord
OS=Windows_NT
PROCESSOR_IDENTIFIER=Intel64 Family 6 Model 158 Stepping 9, GenuineIntel



---------------  S Y S T E M  ---------------

OS: Windows 10 , 64 bit Build 19041 (10.0.19041.1706)

CPU:total 8 (initial active 8) (4 cores per cpu, 2 threads per core) family 6 model 158 stepping 9, cmov, cx8, fxsr, mmx, sse, sse2, sse3, ssse3, sse4.1, sse4.2, popcnt, avx, avx2, aes, clmul, erms, 3dnowpref, lzcnt, ht, tsc, tscinvbit, bmi1, bmi2, adx, fma

Memory: 4k page, system-wide physical 16267M (8731M free)
TotalPageFile size 26804M (AvailPageFile size 3235M)
current process WorkingSet (physical memory assigned to process): 10M, peak: 10M
current process commit charge ("private bytes"): 60M, peak: 12348M

vm_info: Java HotSpot(TM) 64-Bit Server VM (11.0.4+10-LTS) for windows-amd64 JRE (11.0.4+10-LTS), built on Jul  4 2019 16:28:13 by "mach5one" with MS VC++ 15.5 (VS2017)

END.
